0 info it worked if it ends with ok
1 verbose cli [ '/usr/local/bin/node', '/usr/local/bin/npm', 'start' ]
2 info using npm@1.4.9
3 info using node@v0.11.13
4 verbose run-script [ 'prestart', 'start', 'poststart' ]
5 info prestart design@0.0.0
6 info start design@0.0.0
7 verbose unsafe-perm in lifecycle true
8 info design@0.0.0 Failed to exec start script
9 error design@0.0.0 start: `node ./bin/www`
9 error Exit status 1
10 error Failed at the design@0.0.0 start script.
10 error This is most likely a problem with the design package,
10 error not with npm itself.
10 error Tell the author that this fails on your system:
10 error     node ./bin/www
10 error You can get their info via:
10 error     npm owner ls design
10 error There is likely additional logging output above.
11 error System Linux 3.13.0-37-generic
12 error command "/usr/local/bin/node" "/usr/local/bin/npm" "start"
13 error cwd /home/wu/文档/20141216/use_Simplewebrtc_20141206 _use_easyRTC
14 error node -v v0.11.13
15 error npm -v 1.4.9
16 error code ELIFECYCLE
17 verbose exit [ 1, true ]
